<?xml version="1.0" encoding="UTF-8"?>
<coverage generated="1720709519139" clover="3.2.0">
  <project timestamp="1720709519139" name="All files">
    <metrics statements="12" coveredstatements="10" conditionals="4" coveredconditionals="4" methods="8" coveredmethods="6" elements="24" coveredelements="20" complexity="0" loc="12" ncloc="12" packages="1" files="1" classes="1"/>
    <file name="funcoes.js" path="C:\git-daraperini\learning\pós-graduacao-full-stack\postdegree-fullstack-development-pucrs\10-qualidade-e-teste-de-software\aula-3\jest\funcoes.js">
      <metrics statements="12" coveredstatements="10" conditionals="4" coveredconditionals="4" methods="8" coveredmethods="6"/>
      <line num="1" count="1" type="stmt"/>
      <line num="3" count="1" type="stmt"/>
      <line num="4" count="1" type="stmt"/>
      <line num="6" count="1" type="stmt"/>
      <line num="9" count="3" type="cond" truecount="4" falsecount="0"/>
      <line num="10" count="1" type="stmt"/>
      <line num="13" count="4" type="stmt"/>
      <line num="17" count="0" type="stmt"/>
      <line num="20" count="2" type="stmt"/>
      <line num="22" count="2" type="stmt"/>
      <line num="23" count="0" type="stmt"/>
      <line num="26" count="1" type="stmt"/>
    </file>
  </project>
</coverage>
