{"C:\\git-daraperini\\learning\\pós-graduacao-full-stack\\postdegree-fullstack-development-pucrs\\10-qualidade-e-teste-de-software\\aula-3\\jest\\funcoes.js": {"path":"C:\\git-daraperini\\learning\\pós-graduacao-full-stack\\postdegree-fullstack-development-pucrs\\10-qualidade-e-teste-de-software\\aula-3\\jest\\funcoes.js","statementMap":{"0":{"start":{"line":1,"column":14},"end":{"line":1,"column":30}},"1":{"start":{"line":3,"column":16},"end":{"line":24,"column":1}},"2":{"start":{"line":4,"column":32},"end":{"line":4,"column":39}},"3":{"start":{"line":6,"column":20},"end":{"line":6,"column":24}},"4":{"start":{"line":9,"column":4},"end":{"line":10,"column":22}},"5":{"start":{"line":9,"column":40},"end":{"line":9,"column":52}},"6":{"start":{"line":10,"column":9},"end":{"line":10,"column":22}},"7":{"start":{"line":13,"column":27},"end":{"line":13,"column":59}},"8":{"start":{"line":17,"column":27},"end":{"line":17,"column":32}},"9":{"start":{"line":20,"column":4},"end":{"line":23,"column":50}},"10":{"start":{"line":22,"column":21},"end":{"line":22,"column":29}},"11":{"start":{"line":23,"column":22},"end":{"line":23,"column":49}},"12":{"start":{"line":26,"column":0},"end":{"line":26,"column":25}}},"fnMap":{"0":{"name":"(anonymous_0)","decl":{"start":{"line":4,"column":20},"end":{"line":4,"column":21}},"loc":{"start":{"line":4,"column":32},"end":{"line":4,"column":39}},"line":4},"1":{"name":"(anonymous_1)","decl":{"start":{"line":6,"column":14},"end":{"line":6,"column":15}},"loc":{"start":{"line":6,"column":20},"end":{"line":6,"column":24}},"line":6},"2":{"name":"(anonymous_2)","decl":{"start":{"line":8,"column":16},"end":{"line":8,"column":17}},"loc":{"start":{"line":8,"column":34},"end":{"line":11,"column":3}},"line":8},"3":{"name":"(anonymous_3)","decl":{"start":{"line":13,"column":18},"end":{"line":13,"column":19}},"loc":{"start":{"line":13,"column":27},"end":{"line":13,"column":59}},"line":13},"4":{"name":"(anonymous_4)","decl":{"start":{"line":17,"column":20},"end":{"line":17,"column":21}},"loc":{"start":{"line":17,"column":27},"end":{"line":17,"column":32}},"line":17},"5":{"name":"(anonymous_5)","decl":{"start":{"line":19,"column":18},"end":{"line":19,"column":19}},"loc":{"start":{"line":20,"column":4},"end":{"line":23,"column":50}},"line":20},"6":{"name":"(anonymous_6)","decl":{"start":{"line":22,"column":12},"end":{"line":22,"column":13}},"loc":{"start":{"line":22,"column":21},"end":{"line":22,"column":29}},"line":22},"7":{"name":"(anonymous_7)","decl":{"start":{"line":23,"column":13},"end":{"line":23,"column":14}},"loc":{"start":{"line":23,"column":22},"end":{"line":23,"column":49}},"line":23}},"branchMap":{"0":{"loc":{"start":{"line":9,"column":4},"end":{"line":10,"column":22}},"type":"if","locations":[{"start":{"line":9,"column":4},"end":{"line":10,"column":22}},{"start":{"line":10,"column":9},"end":{"line":10,"column":22}}],"line":9},"1":{"loc":{"start":{"line":9,"column":8},"end":{"line":9,"column":38}},"type":"binary-expr","locations":[{"start":{"line":9,"column":8},"end":{"line":9,"column":21}},{"start":{"line":9,"column":25},"end":{"line":9,"column":38}}],"line":9}},"s":{"0":1,"1":1,"2":1,"3":1,"4":3,"5":2,"6":1,"7":4,"8":0,"9":2,"10":2,"11":0,"12":1},"f":{"0":1,"1":1,"2":3,"3":4,"4":0,"5":2,"6":2,"7":0},"b":{"0":[2,1],"1":[3,2]},"_coverageSchema":"1a1c01bbd47fc00a2c39e90264f33305004495a9","hash":"b4e05568d126fbd401259a2d891610e1e1204ade"}
}
